[0.060s] DEBUG:colcon:Command line arguments: ['/usr/bin/colcon', 'list', '-p', '--base-paths', '/home/lizhen/works/code/OpenRobot/urdf_mjcf_autogenerator']
[0.060s] DEBUG:colcon:Parsed command line arguments: Namespace(log_base=None, log_level=None, verb_name='list', build_base='build', ignore_user_meta=False, metas=['./colcon.meta'], base_paths=['/home/lizhen/works/code/OpenRobot/urdf_mjcf_autogenerator'], packages_ignore=None, packages_ignore_regex=None, paths=None, packages_up_to=None, packages_up_to_regex=None, packages_above=None, packages_above_and_dependencies=None, packages_above_depth=None, packages_select_by_dep=None, packages_skip_by_dep=None, packages_skip_up_to=None, packages_select_build_failed=False, packages_skip_build_finished=False, packages_select_test_failures=False, packages_skip_test_passed=False, packages_select=None, packages_skip=None, packages_select_regex=None, packages_skip_regex=None, packages_start=None, packages_end=None, allow_overriding=[], topological_order=False, names_only=False, paths_only=True, topological_graph=False, topological_graph_dot=False, topological_graph_density=False, topological_graph_legend=False, topological_graph_dot_cluster=False, topological_graph_dot_include_skipped=False, mixin_files=None, mixin=None, verb_parser=<colcon_mixin.mixin.mixin_argument.MixinArgumentDecorator object at 0x7ca9b5c98ce0>, verb_extension=<colcon_package_information.verb.list.ListVerb object at 0x7ca9b5c7bdd0>, main=<bound method ListVerb.main of <colcon_package_information.verb.list.ListVerb object at 0x7ca9b5c7bdd0>>, mixin_verb=('list',))
[0.090s] Level 1:colcon.colcon_core.package_discovery:discover_packages(colcon_meta) check parameters
[0.090s] Level 1:colcon.colcon_core.package_discovery:discover_packages(recursive) check parameters
[0.090s] Level 1:colcon.colcon_core.package_discovery:discover_packages(ignore) check parameters
[0.090s] Level 1:colcon.colcon_core.package_discovery:discover_packages(path) check parameters
[0.090s] Level 1:colcon.colcon_core.package_discovery:discover_packages(recursive) discover
[0.090s] INFO:colcon.colcon_core.package_discovery:Crawling recursively for packages in '/home/lizhen/works/code/OpenRobot/urdf_mjcf_autogenerator'
[0.090s] Level 1:colcon.colcon_core.package_identification:_identify(/home/lizhen/works/code/OpenRobot/urdf_mjcf_autogenerator) by extensions ['ignore', 'ignore_ament_install']
[0.090s] Level 1:colcon.colcon_core.package_identification:_identify(/home/lizhen/works/code/OpenRobot/urdf_mjcf_autogenerator) by extension 'ignore'
[0.091s] Level 1:colcon.colcon_core.package_identification:_identify(/home/lizhen/works/code/OpenRobot/urdf_mjcf_autogenerator) by extension 'ignore_ament_install'
[0.091s] Level 1:colcon.colcon_core.package_identification:_identify(/home/lizhen/works/code/OpenRobot/urdf_mjcf_autogenerator) by extensions ['colcon_pkg']
[0.091s] Level 1:colcon.colcon_core.package_identification:_identify(/home/lizhen/works/code/OpenRobot/urdf_mjcf_autogenerator) by extension 'colcon_pkg'
[0.091s] Level 1:colcon.colcon_core.package_identification:_identify(/home/lizhen/works/code/OpenRobot/urdf_mjcf_autogenerator) by extensions ['colcon_meta']
[0.091s] Level 1:colcon.colcon_core.package_identification:_identify(/home/lizhen/works/code/OpenRobot/urdf_mjcf_autogenerator) by extension 'colcon_meta'
[0.091s] Level 1:colcon.colcon_core.package_identification:_identify(/home/lizhen/works/code/OpenRobot/urdf_mjcf_autogenerator) by extensions ['ros']
[0.091s] Level 1:colcon.colcon_core.package_identification:_identify(/home/lizhen/works/code/OpenRobot/urdf_mjcf_autogenerator) by extension 'ros'
[0.110s] Level 1:colcon.colcon_core.package_identification:_identify(/home/lizhen/works/code/OpenRobot/urdf_mjcf_autogenerator) by extensions ['cmake', 'python']
[0.110s] Level 1:colcon.colcon_core.package_identification:_identify(/home/lizhen/works/code/OpenRobot/urdf_mjcf_autogenerator) by extension 'cmake'
[0.111s] Level 1:colcon.colcon_core.package_identification:_identify(/home/lizhen/works/code/OpenRobot/urdf_mjcf_autogenerator) by extension 'python'
[0.111s] Level 1:colcon.colcon_core.package_identification:_identify(/home/lizhen/works/code/OpenRobot/urdf_mjcf_autogenerator) by extensions ['python_setup_py']
[0.111s] Level 1:colcon.colcon_core.package_identification:_identify(/home/lizhen/works/code/OpenRobot/urdf_mjcf_autogenerator) by extension 'python_setup_py'
[0.111s] Level 1:colcon.colcon_core.package_identification:_identify(/home/lizhen/works/code/OpenRobot/urdf_mjcf_autogenerator/build) by extensions ['ignore', 'ignore_ament_install']
[0.111s] Level 1:colcon.colcon_core.package_identification:_identify(/home/lizhen/works/code/OpenRobot/urdf_mjcf_autogenerator/build) by extension 'ignore'
[0.111s] Level 1:colcon.colcon_core.package_identification:_identify(/home/lizhen/works/code/OpenRobot/urdf_mjcf_autogenerator/build) ignored
[0.111s] Level 1:colcon.colcon_core.package_identification:_identify(/home/lizhen/works/code/OpenRobot/urdf_mjcf_autogenerator/install) by extensions ['ignore', 'ignore_ament_install']
[0.111s] Level 1:colcon.colcon_core.package_identification:_identify(/home/lizhen/works/code/OpenRobot/urdf_mjcf_autogenerator/install) by extension 'ignore'
[0.111s] Level 1:colcon.colcon_core.package_identification:_identify(/home/lizhen/works/code/OpenRobot/urdf_mjcf_autogenerator/install) ignored
[0.111s] Level 1:colcon.colcon_core.package_identification:_identify(/home/lizhen/works/code/OpenRobot/urdf_mjcf_autogenerator/log) by extensions ['ignore', 'ignore_ament_install']
[0.111s] Level 1:colcon.colcon_core.package_identification:_identify(/home/lizhen/works/code/OpenRobot/urdf_mjcf_autogenerator/log) by extension 'ignore'
[0.111s] Level 1:colcon.colcon_core.package_identification:_identify(/home/lizhen/works/code/OpenRobot/urdf_mjcf_autogenerator/log) ignored
[0.111s] Level 1:colcon.colcon_core.package_identification:_identify(/home/lizhen/works/code/OpenRobot/urdf_mjcf_autogenerator/robot_data) by extensions ['ignore', 'ignore_ament_install']
[0.111s] Level 1:colcon.colcon_core.package_identification:_identify(/home/lizhen/works/code/OpenRobot/urdf_mjcf_autogenerator/robot_data) by extension 'ignore'
[0.111s] Level 1:colcon.colcon_core.package_identification:_identify(/home/lizhen/works/code/OpenRobot/urdf_mjcf_autogenerator/robot_data) by extension 'ignore_ament_install'
[0.111s] Level 1:colcon.colcon_core.package_identification:_identify(/home/lizhen/works/code/OpenRobot/urdf_mjcf_autogenerator/robot_data) by extensions ['colcon_pkg']
[0.111s] Level 1:colcon.colcon_core.package_identification:_identify(/home/lizhen/works/code/OpenRobot/urdf_mjcf_autogenerator/robot_data) by extension 'colcon_pkg'
[0.111s] Level 1:colcon.colcon_core.package_identification:_identify(/home/lizhen/works/code/OpenRobot/urdf_mjcf_autogenerator/robot_data) by extensions ['colcon_meta']
[0.111s] Level 1:colcon.colcon_core.package_identification:_identify(/home/lizhen/works/code/OpenRobot/urdf_mjcf_autogenerator/robot_data) by extension 'colcon_meta'
[0.111s] Level 1:colcon.colcon_core.package_identification:_identify(/home/lizhen/works/code/OpenRobot/urdf_mjcf_autogenerator/robot_data) by extensions ['ros']
[0.111s] Level 1:colcon.colcon_core.package_identification:_identify(/home/lizhen/works/code/OpenRobot/urdf_mjcf_autogenerator/robot_data) by extension 'ros'
[0.112s] Level 1:colcon.colcon_core.package_identification:_identify(/home/lizhen/works/code/OpenRobot/urdf_mjcf_autogenerator/robot_data) by extensions ['cmake', 'python']
[0.112s] Level 1:colcon.colcon_core.package_identification:_identify(/home/lizhen/works/code/OpenRobot/urdf_mjcf_autogenerator/robot_data) by extension 'cmake'
[0.112s] Level 1:colcon.colcon_core.package_identification:_identify(/home/lizhen/works/code/OpenRobot/urdf_mjcf_autogenerator/robot_data) by extension 'python'
[0.112s] Level 1:colcon.colcon_core.package_identification:_identify(/home/lizhen/works/code/OpenRobot/urdf_mjcf_autogenerator/robot_data) by extensions ['python_setup_py']
[0.112s] Level 1:colcon.colcon_core.package_identification:_identify(/home/lizhen/works/code/OpenRobot/urdf_mjcf_autogenerator/robot_data) by extension 'python_setup_py'
[0.112s] Level 1:colcon.colcon_core.package_identification:_identify(/home/lizhen/works/code/OpenRobot/urdf_mjcf_autogenerator/robot_data/TPS) by extensions ['ignore', 'ignore_ament_install']
[0.112s] Level 1:colcon.colcon_core.package_identification:_identify(/home/lizhen/works/code/OpenRobot/urdf_mjcf_autogenerator/robot_data/TPS) by extension 'ignore'
[0.112s] Level 1:colcon.colcon_core.package_identification:_identify(/home/lizhen/works/code/OpenRobot/urdf_mjcf_autogenerator/robot_data/TPS) by extension 'ignore_ament_install'
[0.112s] Level 1:colcon.colcon_core.package_identification:_identify(/home/lizhen/works/code/OpenRobot/urdf_mjcf_autogenerator/robot_data/TPS) by extensions ['colcon_pkg']
[0.112s] Level 1:colcon.colcon_core.package_identification:_identify(/home/lizhen/works/code/OpenRobot/urdf_mjcf_autogenerator/robot_data/TPS) by extension 'colcon_pkg'
[0.112s] Level 1:colcon.colcon_core.package_identification:_identify(/home/lizhen/works/code/OpenRobot/urdf_mjcf_autogenerator/robot_data/TPS) by extensions ['colcon_meta']
[0.112s] Level 1:colcon.colcon_core.package_identification:_identify(/home/lizhen/works/code/OpenRobot/urdf_mjcf_autogenerator/robot_data/TPS) by extension 'colcon_meta'
[0.112s] Level 1:colcon.colcon_core.package_identification:_identify(/home/lizhen/works/code/OpenRobot/urdf_mjcf_autogenerator/robot_data/TPS) by extensions ['ros']
[0.112s] Level 1:colcon.colcon_core.package_identification:_identify(/home/lizhen/works/code/OpenRobot/urdf_mjcf_autogenerator/robot_data/TPS) by extension 'ros'
[0.112s] Level 1:colcon.colcon_core.package_identification:_identify(/home/lizhen/works/code/OpenRobot/urdf_mjcf_autogenerator/robot_data/TPS) by extensions ['cmake', 'python']
[0.112s] Level 1:colcon.colcon_core.package_identification:_identify(/home/lizhen/works/code/OpenRobot/urdf_mjcf_autogenerator/robot_data/TPS) by extension 'cmake'
[0.112s] Level 1:colcon.colcon_core.package_identification:_identify(/home/lizhen/works/code/OpenRobot/urdf_mjcf_autogenerator/robot_data/TPS) by extension 'python'
[0.112s] Level 1:colcon.colcon_core.package_identification:_identify(/home/lizhen/works/code/OpenRobot/urdf_mjcf_autogenerator/robot_data/TPS) by extensions ['python_setup_py']
[0.112s] Level 1:colcon.colcon_core.package_identification:_identify(/home/lizhen/works/code/OpenRobot/urdf_mjcf_autogenerator/robot_data/TPS) by extension 'python_setup_py'
[0.112s] Level 1:colcon.colcon_core.package_identification:_identify(/home/lizhen/works/code/OpenRobot/urdf_mjcf_autogenerator/robot_data/TPS/config) by extensions ['ignore', 'ignore_ament_install']
[0.112s] Level 1:colcon.colcon_core.package_identification:_identify(/home/lizhen/works/code/OpenRobot/urdf_mjcf_autogenerator/robot_data/TPS/config) by extension 'ignore'
[0.112s] Level 1:colcon.colcon_core.package_identification:_identify(/home/lizhen/works/code/OpenRobot/urdf_mjcf_autogenerator/robot_data/TPS/config) by extension 'ignore_ament_install'
[0.112s] Level 1:colcon.colcon_core.package_identification:_identify(/home/lizhen/works/code/OpenRobot/urdf_mjcf_autogenerator/robot_data/TPS/config) by extensions ['colcon_pkg']
[0.112s] Level 1:colcon.colcon_core.package_identification:_identify(/home/lizhen/works/code/OpenRobot/urdf_mjcf_autogenerator/robot_data/TPS/config) by extension 'colcon_pkg'
[0.112s] Level 1:colcon.colcon_core.package_identification:_identify(/home/lizhen/works/code/OpenRobot/urdf_mjcf_autogenerator/robot_data/TPS/config) by extensions ['colcon_meta']
[0.112s] Level 1:colcon.colcon_core.package_identification:_identify(/home/lizhen/works/code/OpenRobot/urdf_mjcf_autogenerator/robot_data/TPS/config) by extension 'colcon_meta'
[0.112s] Level 1:colcon.colcon_core.package_identification:_identify(/home/lizhen/works/code/OpenRobot/urdf_mjcf_autogenerator/robot_data/TPS/config) by extensions ['ros']
[0.112s] Level 1:colcon.colcon_core.package_identification:_identify(/home/lizhen/works/code/OpenRobot/urdf_mjcf_autogenerator/robot_data/TPS/config) by extension 'ros'
[0.112s] Level 1:colcon.colcon_core.package_identification:_identify(/home/lizhen/works/code/OpenRobot/urdf_mjcf_autogenerator/robot_data/TPS/config) by extensions ['cmake', 'python']
[0.112s] Level 1:colcon.colcon_core.package_identification:_identify(/home/lizhen/works/code/OpenRobot/urdf_mjcf_autogenerator/robot_data/TPS/config) by extension 'cmake'
[0.112s] Level 1:colcon.colcon_core.package_identification:_identify(/home/lizhen/works/code/OpenRobot/urdf_mjcf_autogenerator/robot_data/TPS/config) by extension 'python'
[0.112s] Level 1:colcon.colcon_core.package_identification:_identify(/home/lizhen/works/code/OpenRobot/urdf_mjcf_autogenerator/robot_data/TPS/config) by extensions ['python_setup_py']
[0.112s] Level 1:colcon.colcon_core.package_identification:_identify(/home/lizhen/works/code/OpenRobot/urdf_mjcf_autogenerator/robot_data/TPS/config) by extension 'python_setup_py'
[0.112s] Level 1:colcon.colcon_core.package_identification:_identify(/home/lizhen/works/code/OpenRobot/urdf_mjcf_autogenerator/robot_data/TPS/meshes) by extensions ['ignore', 'ignore_ament_install']
[0.113s] Level 1:colcon.colcon_core.package_identification:_identify(/home/lizhen/works/code/OpenRobot/urdf_mjcf_autogenerator/robot_data/TPS/meshes) by extension 'ignore'
[0.113s] Level 1:colcon.colcon_core.package_identification:_identify(/home/lizhen/works/code/OpenRobot/urdf_mjcf_autogenerator/robot_data/TPS/meshes) by extension 'ignore_ament_install'
[0.113s] Level 1:colcon.colcon_core.package_identification:_identify(/home/lizhen/works/code/OpenRobot/urdf_mjcf_autogenerator/robot_data/TPS/meshes) by extensions ['colcon_pkg']
[0.113s] Level 1:colcon.colcon_core.package_identification:_identify(/home/lizhen/works/code/OpenRobot/urdf_mjcf_autogenerator/robot_data/TPS/meshes) by extension 'colcon_pkg'
[0.113s] Level 1:colcon.colcon_core.package_identification:_identify(/home/lizhen/works/code/OpenRobot/urdf_mjcf_autogenerator/robot_data/TPS/meshes) by extensions ['colcon_meta']
[0.113s] Level 1:colcon.colcon_core.package_identification:_identify(/home/lizhen/works/code/OpenRobot/urdf_mjcf_autogenerator/robot_data/TPS/meshes) by extension 'colcon_meta'
[0.113s] Level 1:colcon.colcon_core.package_identification:_identify(/home/lizhen/works/code/OpenRobot/urdf_mjcf_autogenerator/robot_data/TPS/meshes) by extensions ['ros']
[0.113s] Level 1:colcon.colcon_core.package_identification:_identify(/home/lizhen/works/code/OpenRobot/urdf_mjcf_autogenerator/robot_data/TPS/meshes) by extension 'ros'
[0.113s] Level 1:colcon.colcon_core.package_identification:_identify(/home/lizhen/works/code/OpenRobot/urdf_mjcf_autogenerator/robot_data/TPS/meshes) by extensions ['cmake', 'python']
[0.113s] Level 1:colcon.colcon_core.package_identification:_identify(/home/lizhen/works/code/OpenRobot/urdf_mjcf_autogenerator/robot_data/TPS/meshes) by extension 'cmake'
[0.113s] Level 1:colcon.colcon_core.package_identification:_identify(/home/lizhen/works/code/OpenRobot/urdf_mjcf_autogenerator/robot_data/TPS/meshes) by extension 'python'
[0.113s] Level 1:colcon.colcon_core.package_identification:_identify(/home/lizhen/works/code/OpenRobot/urdf_mjcf_autogenerator/robot_data/TPS/meshes) by extensions ['python_setup_py']
[0.113s] Level 1:colcon.colcon_core.package_identification:_identify(/home/lizhen/works/code/OpenRobot/urdf_mjcf_autogenerator/robot_data/TPS/meshes) by extension 'python_setup_py'
[0.113s] Level 1:colcon.colcon_core.package_identification:_identify(/home/lizhen/works/code/OpenRobot/urdf_mjcf_autogenerator/robot_data/TPS/output) by extensions ['ignore', 'ignore_ament_install']
[0.113s] Level 1:colcon.colcon_core.package_identification:_identify(/home/lizhen/works/code/OpenRobot/urdf_mjcf_autogenerator/robot_data/TPS/output) by extension 'ignore'
[0.113s] Level 1:colcon.colcon_core.package_identification:_identify(/home/lizhen/works/code/OpenRobot/urdf_mjcf_autogenerator/robot_data/TPS/output) by extension 'ignore_ament_install'
[0.113s] Level 1:colcon.colcon_core.package_identification:_identify(/home/lizhen/works/code/OpenRobot/urdf_mjcf_autogenerator/robot_data/TPS/output) by extensions ['colcon_pkg']
[0.113s] Level 1:colcon.colcon_core.package_identification:_identify(/home/lizhen/works/code/OpenRobot/urdf_mjcf_autogenerator/robot_data/TPS/output) by extension 'colcon_pkg'
[0.113s] Level 1:colcon.colcon_core.package_identification:_identify(/home/lizhen/works/code/OpenRobot/urdf_mjcf_autogenerator/robot_data/TPS/output) by extensions ['colcon_meta']
[0.113s] Level 1:colcon.colcon_core.package_identification:_identify(/home/lizhen/works/code/OpenRobot/urdf_mjcf_autogenerator/robot_data/TPS/output) by extension 'colcon_meta'
[0.113s] Level 1:colcon.colcon_core.package_identification:_identify(/home/lizhen/works/code/OpenRobot/urdf_mjcf_autogenerator/robot_data/TPS/output) by extensions ['ros']
[0.113s] Level 1:colcon.colcon_core.package_identification:_identify(/home/lizhen/works/code/OpenRobot/urdf_mjcf_autogenerator/robot_data/TPS/output) by extension 'ros'
[0.113s] Level 1:colcon.colcon_core.package_identification:_identify(/home/lizhen/works/code/OpenRobot/urdf_mjcf_autogenerator/robot_data/TPS/output) by extensions ['cmake', 'python']
[0.113s] Level 1:colcon.colcon_core.package_identification:_identify(/home/lizhen/works/code/OpenRobot/urdf_mjcf_autogenerator/robot_data/TPS/output) by extension 'cmake'
[0.113s] Level 1:colcon.colcon_core.package_identification:_identify(/home/lizhen/works/code/OpenRobot/urdf_mjcf_autogenerator/robot_data/TPS/output) by extension 'python'
[0.113s] Level 1:colcon.colcon_core.package_identification:_identify(/home/lizhen/works/code/OpenRobot/urdf_mjcf_autogenerator/robot_data/TPS/output) by extensions ['python_setup_py']
[0.113s] Level 1:colcon.colcon_core.package_identification:_identify(/home/lizhen/works/code/OpenRobot/urdf_mjcf_autogenerator/robot_data/TPS/output) by extension 'python_setup_py'
[0.113s] Level 1:colcon.colcon_core.package_identification:_identify(/home/lizhen/works/code/OpenRobot/urdf_mjcf_autogenerator/src) by extensions ['ignore', 'ignore_ament_install']
[0.113s] Level 1:colcon.colcon_core.package_identification:_identify(/home/lizhen/works/code/OpenRobot/urdf_mjcf_autogenerator/src) by extension 'ignore'
[0.113s] Level 1:colcon.colcon_core.package_identification:_identify(/home/lizhen/works/code/OpenRobot/urdf_mjcf_autogenerator/src) by extension 'ignore_ament_install'
[0.113s] Level 1:colcon.colcon_core.package_identification:_identify(/home/lizhen/works/code/OpenRobot/urdf_mjcf_autogenerator/src) by extensions ['colcon_pkg']
[0.113s] Level 1:colcon.colcon_core.package_identification:_identify(/home/lizhen/works/code/OpenRobot/urdf_mjcf_autogenerator/src) by extension 'colcon_pkg'
[0.113s] Level 1:colcon.colcon_core.package_identification:_identify(/home/lizhen/works/code/OpenRobot/urdf_mjcf_autogenerator/src) by extensions ['colcon_meta']
[0.113s] Level 1:colcon.colcon_core.package_identification:_identify(/home/lizhen/works/code/OpenRobot/urdf_mjcf_autogenerator/src) by extension 'colcon_meta'
[0.113s] Level 1:colcon.colcon_core.package_identification:_identify(/home/lizhen/works/code/OpenRobot/urdf_mjcf_autogenerator/src) by extensions ['ros']
[0.113s] Level 1:colcon.colcon_core.package_identification:_identify(/home/lizhen/works/code/OpenRobot/urdf_mjcf_autogenerator/src) by extension 'ros'
[0.113s] Level 1:colcon.colcon_core.package_identification:_identify(/home/lizhen/works/code/OpenRobot/urdf_mjcf_autogenerator/src) by extensions ['cmake', 'python']
[0.113s] Level 1:colcon.colcon_core.package_identification:_identify(/home/lizhen/works/code/OpenRobot/urdf_mjcf_autogenerator/src) by extension 'cmake'
[0.113s] Level 1:colcon.colcon_core.package_identification:_identify(/home/lizhen/works/code/OpenRobot/urdf_mjcf_autogenerator/src) by extension 'python'
[0.114s] Level 1:colcon.colcon_core.package_identification:_identify(/home/lizhen/works/code/OpenRobot/urdf_mjcf_autogenerator/src) by extensions ['python_setup_py']
[0.114s] Level 1:colcon.colcon_core.package_identification:_identify(/home/lizhen/works/code/OpenRobot/urdf_mjcf_autogenerator/src) by extension 'python_setup_py'
[0.114s] Level 1:colcon.colcon_core.package_identification:_identify(/home/lizhen/works/code/OpenRobot/urdf_mjcf_autogenerator/src/model_generator) by extensions ['ignore', 'ignore_ament_install']
[0.114s] Level 1:colcon.colcon_core.package_identification:_identify(/home/lizhen/works/code/OpenRobot/urdf_mjcf_autogenerator/src/model_generator) by extension 'ignore'
[0.114s] Level 1:colcon.colcon_core.package_identification:_identify(/home/lizhen/works/code/OpenRobot/urdf_mjcf_autogenerator/src/model_generator) by extension 'ignore_ament_install'
[0.114s] Level 1:colcon.colcon_core.package_identification:_identify(/home/lizhen/works/code/OpenRobot/urdf_mjcf_autogenerator/src/model_generator) by extensions ['colcon_pkg']
[0.114s] Level 1:colcon.colcon_core.package_identification:_identify(/home/lizhen/works/code/OpenRobot/urdf_mjcf_autogenerator/src/model_generator) by extension 'colcon_pkg'
[0.114s] Level 1:colcon.colcon_core.package_identification:_identify(/home/lizhen/works/code/OpenRobot/urdf_mjcf_autogenerator/src/model_generator) by extensions ['colcon_meta']
[0.114s] Level 1:colcon.colcon_core.package_identification:_identify(/home/lizhen/works/code/OpenRobot/urdf_mjcf_autogenerator/src/model_generator) by extension 'colcon_meta'
[0.114s] Level 1:colcon.colcon_core.package_identification:_identify(/home/lizhen/works/code/OpenRobot/urdf_mjcf_autogenerator/src/model_generator) by extensions ['ros']
[0.114s] Level 1:colcon.colcon_core.package_identification:_identify(/home/lizhen/works/code/OpenRobot/urdf_mjcf_autogenerator/src/model_generator) by extension 'ros'
[0.115s] DEBUG:colcon.colcon_core.package_identification:Package '/home/lizhen/works/code/OpenRobot/urdf_mjcf_autogenerator/src/model_generator' with type 'ros.ament_python' and name 'model_generator'
[0.116s] Level 1:colcon.colcon_core.package_discovery:discover_packages(recursive) using defaults
