/home/lizhen/works/code/OpenRobot/urdf_mjcf_autogenerator/install/model_generator/lib/python3.12/site-packages/model_generator/model_generator.py
/home/lizhen/works/code/OpenRobot/urdf_mjcf_autogenerator/install/model_generator/lib/python3.12/site-packages/model_generator/__init__.py
/home/lizhen/works/code/OpenRobot/urdf_mjcf_autogenerator/install/model_generator/lib/python3.12/site-packages/model_generator/__pycache__/model_generator.cpython-312.pyc
/home/lizhen/works/code/OpenRobot/urdf_mjcf_autogenerator/install/model_generator/lib/python3.12/site-packages/model_generator/__pycache__/__init__.cpython-312.pyc
/home/lizhen/works/code/OpenRobot/urdf_mjcf_autogenerator/install/model_generator/share/ament_index/resource_index/packages/model_generator
/home/lizhen/works/code/OpenRobot/urdf_mjcf_autogenerator/install/model_generator/share/model_generator/package.xml
/home/lizhen/works/code/OpenRobot/urdf_mjcf_autogenerator/install/model_generator/share/model_generator/launch/model_generator.launch.py
/home/lizhen/works/code/OpenRobot/urdf_mjcf_autogenerator/install/model_generator/share/model_generator/templates/urdf/urdf.template
/home/lizhen/works/code/OpenRobot/urdf_mjcf_autogenerator/install/model_generator/share/model_generator/templates/urdf/collision.template
/home/lizhen/works/code/OpenRobot/urdf_mjcf_autogenerator/install/model_generator/share/model_generator/templates/urdf/site.template
/home/lizhen/works/code/OpenRobot/urdf_mjcf_autogenerator/install/model_generator/share/model_generator/templates/urdf/joint.template
/home/lizhen/works/code/OpenRobot/urdf_mjcf_autogenerator/install/model_generator/share/model_generator/templates/urdf/link.template
/home/lizhen/works/code/OpenRobot/urdf_mjcf_autogenerator/install/model_generator/share/model_generator/templates/xml/asset.template
/home/lizhen/works/code/OpenRobot/urdf_mjcf_autogenerator/install/model_generator/share/model_generator/templates/xml/site_geom.template
/home/lizhen/works/code/OpenRobot/urdf_mjcf_autogenerator/install/model_generator/share/model_generator/templates/xml/actuator.template
/home/lizhen/works/code/OpenRobot/urdf_mjcf_autogenerator/install/model_generator/share/model_generator/templates/xml/sensor.template
/home/lizhen/works/code/OpenRobot/urdf_mjcf_autogenerator/install/model_generator/share/model_generator/templates/xml/joint.template
/home/lizhen/works/code/OpenRobot/urdf_mjcf_autogenerator/install/model_generator/share/model_generator/templates/xml/body.template
/home/lizhen/works/code/OpenRobot/urdf_mjcf_autogenerator/install/model_generator/share/model_generator/templates/xml/visual_geom.template
/home/lizhen/works/code/OpenRobot/urdf_mjcf_autogenerator/install/model_generator/share/model_generator/templates/xml/collision_geom.template
/home/lizhen/works/code/OpenRobot/urdf_mjcf_autogenerator/install/model_generator/share/model_generator/templates/xml/xml.template
/home/lizhen/works/code/OpenRobot/urdf_mjcf_autogenerator/install/model_generator/share/model_generator/rviz/default.rviz
/home/lizhen/works/code/OpenRobot/urdf_mjcf_autogenerator/install/model_generator/lib/python3.12/site-packages/model_generator-0.0.0-py3.12.egg-info/requires.txt
/home/lizhen/works/code/OpenRobot/urdf_mjcf_autogenerator/install/model_generator/lib/python3.12/site-packages/model_generator-0.0.0-py3.12.egg-info/entry_points.txt
/home/lizhen/works/code/OpenRobot/urdf_mjcf_autogenerator/install/model_generator/lib/python3.12/site-packages/model_generator-0.0.0-py3.12.egg-info/top_level.txt
/home/lizhen/works/code/OpenRobot/urdf_mjcf_autogenerator/install/model_generator/lib/python3.12/site-packages/model_generator-0.0.0-py3.12.egg-info/zip-safe
/home/lizhen/works/code/OpenRobot/urdf_mjcf_autogenerator/install/model_generator/lib/python3.12/site-packages/model_generator-0.0.0-py3.12.egg-info/dependency_links.txt
/home/lizhen/works/code/OpenRobot/urdf_mjcf_autogenerator/install/model_generator/lib/python3.12/site-packages/model_generator-0.0.0-py3.12.egg-info/PKG-INFO
/home/lizhen/works/code/OpenRobot/urdf_mjcf_autogenerator/install/model_generator/lib/python3.12/site-packages/model_generator-0.0.0-py3.12.egg-info/SOURCES.txt
/home/lizhen/works/code/OpenRobot/urdf_mjcf_autogenerator/install/model_generator/lib/model_generator/model_generator
