[0.054s] DEBUG:colcon:Command line arguments: ['/usr/bin/colcon', 'build']
[0.054s] DEBUG:colcon:Parsed command line arguments: Namespace(log_base=None, log_level=None, verb_name='build', build_base='build', install_base='install', merge_install=False, symlink_install=False, test_result_base=None, continue_on_error=False, executor='parallel', parallel_workers=22, event_handlers=None, ignore_user_meta=False, metas=['./colcon.meta'], base_paths=['.'], packages_ignore=None, packages_ignore_regex=None, paths=None, packages_up_to=None, packages_up_to_regex=None, packages_above=None, packages_above_and_dependencies=None, packages_above_depth=None, packages_select_by_dep=None, packages_skip_by_dep=None, packages_skip_up_to=None, packages_select_build_failed=False, packages_skip_build_finished=False, packages_select_test_failures=False, packages_skip_test_passed=False, packages_select=None, packages_skip=None, packages_select_regex=None, packages_skip_regex=None, packages_start=None, packages_end=None, allow_overriding=[], cmake_args=None, cmake_target=None, cmake_target_skip_unavailable=False, cmake_clean_cache=False, cmake_clean_first=False, cmake_force_configure=False, ament_cmake_args=None, catkin_cmake_args=None, catkin_skip_building_tests=False, mixin_files=None, mixin=None, verb_parser=<colcon_mixin.mixin.mixin_argument.MixinArgumentDecorator object at 0x7dfae4a83b30>, verb_extension=<colcon_core.verb.build.BuildVerb object at 0x7dfae4a83830>, main=<bound method BuildVerb.main of <colcon_core.verb.build.BuildVerb object at 0x7dfae4a83830>>, mixin_verb=('build',))
[0.074s] Level 1:colcon.colcon_core.package_discovery:discover_packages(colcon_meta) check parameters
[0.074s] Level 1:colcon.colcon_core.package_discovery:discover_packages(recursive) check parameters
[0.074s] Level 1:colcon.colcon_core.package_discovery:discover_packages(ignore) check parameters
[0.074s] Level 1:colcon.colcon_core.package_discovery:discover_packages(path) check parameters
[0.074s] Level 1:colcon.colcon_core.package_discovery:discover_packages(colcon_meta) discover
[0.074s] Level 1:colcon.colcon_core.package_discovery:discover_packages(recursive) discover
[0.074s] INFO:colcon.colcon_core.package_discovery:Crawling recursively for packages in '/home/lizhen/works/code/OpenRobot/urdf_mjcf_autogenerator'
[0.074s] Level 1:colcon.colcon_core.package_identification:_identify(.) by extensions ['ignore', 'ignore_ament_install']
[0.074s] Level 1:colcon.colcon_core.package_identification:_identify(.) by extension 'ignore'
[0.074s] Level 1:colcon.colcon_core.package_identification:_identify(.) by extension 'ignore_ament_install'
[0.074s] Level 1:colcon.colcon_core.package_identification:_identify(.) by extensions ['colcon_pkg']
[0.074s] Level 1:colcon.colcon_core.package_identification:_identify(.) by extension 'colcon_pkg'
[0.074s] Level 1:colcon.colcon_core.package_identification:_identify(.) by extensions ['colcon_meta']
[0.074s] Level 1:colcon.colcon_core.package_identification:_identify(.) by extension 'colcon_meta'
[0.074s] Level 1:colcon.colcon_core.package_identification:_identify(.) by extensions ['ros']
[0.074s] Level 1:colcon.colcon_core.package_identification:_identify(.) by extension 'ros'
[0.087s] Level 1:colcon.colcon_core.package_identification:_identify(.) by extensions ['cmake', 'python']
[0.087s] Level 1:colcon.colcon_core.package_identification:_identify(.) by extension 'cmake'
[0.087s] Level 1:colcon.colcon_core.package_identification:_identify(.) by extension 'python'
[0.087s] Level 1:colcon.colcon_core.package_identification:_identify(.) by extensions ['python_setup_py']
[0.087s] Level 1:colcon.colcon_core.package_identification:_identify(.) by extension 'python_setup_py'
[0.087s] Level 1:colcon.colcon_core.package_identification:_identify(build) by extensions ['ignore', 'ignore_ament_install']
[0.087s] Level 1:colcon.colcon_core.package_identification:_identify(build) by extension 'ignore'
[0.087s] Level 1:colcon.colcon_core.package_identification:_identify(build) ignored
[0.087s] Level 1:colcon.colcon_core.package_identification:_identify(install) by extensions ['ignore', 'ignore_ament_install']
[0.087s] Level 1:colcon.colcon_core.package_identification:_identify(install) by extension 'ignore'
[0.087s] Level 1:colcon.colcon_core.package_identification:_identify(install) ignored
[0.088s] Level 1:colcon.colcon_core.package_identification:_identify(log) by extensions ['ignore', 'ignore_ament_install']
[0.088s] Level 1:colcon.colcon_core.package_identification:_identify(log) by extension 'ignore'
[0.088s] Level 1:colcon.colcon_core.package_identification:_identify(log) ignored
[0.088s] Level 1:colcon.colcon_core.package_identification:_identify(robot_data) by extensions ['ignore', 'ignore_ament_install']
[0.088s] Level 1:colcon.colcon_core.package_identification:_identify(robot_data) by extension 'ignore'
[0.088s] Level 1:colcon.colcon_core.package_identification:_identify(robot_data) by extension 'ignore_ament_install'
[0.088s] Level 1:colcon.colcon_core.package_identification:_identify(robot_data) by extensions ['colcon_pkg']
[0.088s] Level 1:colcon.colcon_core.package_identification:_identify(robot_data) by extension 'colcon_pkg'
[0.088s] Level 1:colcon.colcon_core.package_identification:_identify(robot_data) by extensions ['colcon_meta']
[0.088s] Level 1:colcon.colcon_core.package_identification:_identify(robot_data) by extension 'colcon_meta'
[0.088s] Level 1:colcon.colcon_core.package_identification:_identify(robot_data) by extensions ['ros']
[0.088s] Level 1:colcon.colcon_core.package_identification:_identify(robot_data) by extension 'ros'
[0.088s] Level 1:colcon.colcon_core.package_identification:_identify(robot_data) by extensions ['cmake', 'python']
[0.088s] Level 1:colcon.colcon_core.package_identification:_identify(robot_data) by extension 'cmake'
[0.088s] Level 1:colcon.colcon_core.package_identification:_identify(robot_data) by extension 'python'
[0.088s] Level 1:colcon.colcon_core.package_identification:_identify(robot_data) by extensions ['python_setup_py']
[0.088s] Level 1:colcon.colcon_core.package_identification:_identify(robot_data) by extension 'python_setup_py'
[0.088s] Level 1:colcon.colcon_core.package_identification:_identify(robot_data/TPS) by extensions ['ignore', 'ignore_ament_install']
[0.088s] Level 1:colcon.colcon_core.package_identification:_identify(robot_data/TPS) by extension 'ignore'
[0.088s] Level 1:colcon.colcon_core.package_identification:_identify(robot_data/TPS) by extension 'ignore_ament_install'
[0.088s] Level 1:colcon.colcon_core.package_identification:_identify(robot_data/TPS) by extensions ['colcon_pkg']
[0.088s] Level 1:colcon.colcon_core.package_identification:_identify(robot_data/TPS) by extension 'colcon_pkg'
[0.088s] Level 1:colcon.colcon_core.package_identification:_identify(robot_data/TPS) by extensions ['colcon_meta']
[0.088s] Level 1:colcon.colcon_core.package_identification:_identify(robot_data/TPS) by extension 'colcon_meta'
[0.088s] Level 1:colcon.colcon_core.package_identification:_identify(robot_data/TPS) by extensions ['ros']
[0.088s] Level 1:colcon.colcon_core.package_identification:_identify(robot_data/TPS) by extension 'ros'
[0.088s] Level 1:colcon.colcon_core.package_identification:_identify(robot_data/TPS) by extensions ['cmake', 'python']
[0.088s] Level 1:colcon.colcon_core.package_identification:_identify(robot_data/TPS) by extension 'cmake'
[0.088s] Level 1:colcon.colcon_core.package_identification:_identify(robot_data/TPS) by extension 'python'
[0.088s] Level 1:colcon.colcon_core.package_identification:_identify(robot_data/TPS) by extensions ['python_setup_py']
[0.088s] Level 1:colcon.colcon_core.package_identification:_identify(robot_data/TPS) by extension 'python_setup_py'
[0.088s] Level 1:colcon.colcon_core.package_identification:_identify(robot_data/TPS/config) by extensions ['ignore', 'ignore_ament_install']
[0.088s] Level 1:colcon.colcon_core.package_identification:_identify(robot_data/TPS/config) by extension 'ignore'
[0.088s] Level 1:colcon.colcon_core.package_identification:_identify(robot_data/TPS/config) by extension 'ignore_ament_install'
[0.088s] Level 1:colcon.colcon_core.package_identification:_identify(robot_data/TPS/config) by extensions ['colcon_pkg']
[0.088s] Level 1:colcon.colcon_core.package_identification:_identify(robot_data/TPS/config) by extension 'colcon_pkg'
[0.088s] Level 1:colcon.colcon_core.package_identification:_identify(robot_data/TPS/config) by extensions ['colcon_meta']
[0.088s] Level 1:colcon.colcon_core.package_identification:_identify(robot_data/TPS/config) by extension 'colcon_meta'
[0.088s] Level 1:colcon.colcon_core.package_identification:_identify(robot_data/TPS/config) by extensions ['ros']
[0.088s] Level 1:colcon.colcon_core.package_identification:_identify(robot_data/TPS/config) by extension 'ros'
[0.088s] Level 1:colcon.colcon_core.package_identification:_identify(robot_data/TPS/config) by extensions ['cmake', 'python']
[0.088s] Level 1:colcon.colcon_core.package_identification:_identify(robot_data/TPS/config) by extension 'cmake'
[0.088s] Level 1:colcon.colcon_core.package_identification:_identify(robot_data/TPS/config) by extension 'python'
[0.088s] Level 1:colcon.colcon_core.package_identification:_identify(robot_data/TPS/config) by extensions ['python_setup_py']
[0.088s] Level 1:colcon.colcon_core.package_identification:_identify(robot_data/TPS/config) by extension 'python_setup_py'
[0.089s] Level 1:colcon.colcon_core.package_identification:_identify(robot_data/TPS/meshes) by extensions ['ignore', 'ignore_ament_install']
[0.089s] Level 1:colcon.colcon_core.package_identification:_identify(robot_data/TPS/meshes) by extension 'ignore'
[0.089s] Level 1:colcon.colcon_core.package_identification:_identify(robot_data/TPS/meshes) by extension 'ignore_ament_install'
[0.089s] Level 1:colcon.colcon_core.package_identification:_identify(robot_data/TPS/meshes) by extensions ['colcon_pkg']
[0.089s] Level 1:colcon.colcon_core.package_identification:_identify(robot_data/TPS/meshes) by extension 'colcon_pkg'
[0.089s] Level 1:colcon.colcon_core.package_identification:_identify(robot_data/TPS/meshes) by extensions ['colcon_meta']
[0.089s] Level 1:colcon.colcon_core.package_identification:_identify(robot_data/TPS/meshes) by extension 'colcon_meta'
[0.089s] Level 1:colcon.colcon_core.package_identification:_identify(robot_data/TPS/meshes) by extensions ['ros']
[0.089s] Level 1:colcon.colcon_core.package_identification:_identify(robot_data/TPS/meshes) by extension 'ros'
[0.089s] Level 1:colcon.colcon_core.package_identification:_identify(robot_data/TPS/meshes) by extensions ['cmake', 'python']
[0.089s] Level 1:colcon.colcon_core.package_identification:_identify(robot_data/TPS/meshes) by extension 'cmake'
[0.089s] Level 1:colcon.colcon_core.package_identification:_identify(robot_data/TPS/meshes) by extension 'python'
[0.089s] Level 1:colcon.colcon_core.package_identification:_identify(robot_data/TPS/meshes) by extensions ['python_setup_py']
[0.089s] Level 1:colcon.colcon_core.package_identification:_identify(robot_data/TPS/meshes) by extension 'python_setup_py'
[0.089s] Level 1:colcon.colcon_core.package_identification:_identify(robot_data/TPS/output) by extensions ['ignore', 'ignore_ament_install']
[0.089s] Level 1:colcon.colcon_core.package_identification:_identify(robot_data/TPS/output) by extension 'ignore'
[0.089s] Level 1:colcon.colcon_core.package_identification:_identify(robot_data/TPS/output) by extension 'ignore_ament_install'
[0.089s] Level 1:colcon.colcon_core.package_identification:_identify(robot_data/TPS/output) by extensions ['colcon_pkg']
[0.089s] Level 1:colcon.colcon_core.package_identification:_identify(robot_data/TPS/output) by extension 'colcon_pkg'
[0.089s] Level 1:colcon.colcon_core.package_identification:_identify(robot_data/TPS/output) by extensions ['colcon_meta']
[0.089s] Level 1:colcon.colcon_core.package_identification:_identify(robot_data/TPS/output) by extension 'colcon_meta'
[0.089s] Level 1:colcon.colcon_core.package_identification:_identify(robot_data/TPS/output) by extensions ['ros']
[0.089s] Level 1:colcon.colcon_core.package_identification:_identify(robot_data/TPS/output) by extension 'ros'
[0.089s] Level 1:colcon.colcon_core.package_identification:_identify(robot_data/TPS/output) by extensions ['cmake', 'python']
[0.089s] Level 1:colcon.colcon_core.package_identification:_identify(robot_data/TPS/output) by extension 'cmake'
[0.089s] Level 1:colcon.colcon_core.package_identification:_identify(robot_data/TPS/output) by extension 'python'
[0.089s] Level 1:colcon.colcon_core.package_identification:_identify(robot_data/TPS/output) by extensions ['python_setup_py']
[0.089s] Level 1:colcon.colcon_core.package_identification:_identify(robot_data/TPS/output) by extension 'python_setup_py'
[0.089s] Level 1:colcon.colcon_core.package_identification:_identify(src) by extensions ['ignore', 'ignore_ament_install']
[0.089s] Level 1:colcon.colcon_core.package_identification:_identify(src) by extension 'ignore'
[0.089s] Level 1:colcon.colcon_core.package_identification:_identify(src) by extension 'ignore_ament_install'
[0.089s] Level 1:colcon.colcon_core.package_identification:_identify(src) by extensions ['colcon_pkg']
[0.089s] Level 1:colcon.colcon_core.package_identification:_identify(src) by extension 'colcon_pkg'
[0.089s] Level 1:colcon.colcon_core.package_identification:_identify(src) by extensions ['colcon_meta']
[0.089s] Level 1:colcon.colcon_core.package_identification:_identify(src) by extension 'colcon_meta'
[0.089s] Level 1:colcon.colcon_core.package_identification:_identify(src) by extensions ['ros']
[0.089s] Level 1:colcon.colcon_core.package_identification:_identify(src) by extension 'ros'
[0.089s] Level 1:colcon.colcon_core.package_identification:_identify(src) by extensions ['cmake', 'python']
[0.089s] Level 1:colcon.colcon_core.package_identification:_identify(src) by extension 'cmake'
[0.089s] Level 1:colcon.colcon_core.package_identification:_identify(src) by extension 'python'
[0.089s] Level 1:colcon.colcon_core.package_identification:_identify(src) by extensions ['python_setup_py']
[0.089s] Level 1:colcon.colcon_core.package_identification:_identify(src) by extension 'python_setup_py'
[0.089s] Level 1:colcon.colcon_core.package_identification:_identify(src/model_generator) by extensions ['ignore', 'ignore_ament_install']
[0.089s] Level 1:colcon.colcon_core.package_identification:_identify(src/model_generator) by extension 'ignore'
[0.089s] Level 1:colcon.colcon_core.package_identification:_identify(src/model_generator) by extension 'ignore_ament_install'
[0.089s] Level 1:colcon.colcon_core.package_identification:_identify(src/model_generator) by extensions ['colcon_pkg']
[0.089s] Level 1:colcon.colcon_core.package_identification:_identify(src/model_generator) by extension 'colcon_pkg'
[0.089s] Level 1:colcon.colcon_core.package_identification:_identify(src/model_generator) by extensions ['colcon_meta']
[0.089s] Level 1:colcon.colcon_core.package_identification:_identify(src/model_generator) by extension 'colcon_meta'
[0.089s] Level 1:colcon.colcon_core.package_identification:_identify(src/model_generator) by extensions ['ros']
[0.090s] Level 1:colcon.colcon_core.package_identification:_identify(src/model_generator) by extension 'ros'
[0.091s] DEBUG:colcon.colcon_core.package_identification:Package 'src/model_generator' with type 'ros.ament_python' and name 'model_generator'
[0.091s] Level 1:colcon.colcon_core.package_discovery:discover_packages(recursive) using defaults
[0.091s] Level 1:colcon.colcon_core.package_discovery:discover_packages(ignore) discover
[0.091s] Level 1:colcon.colcon_core.package_discovery:discover_packages(ignore) using defaults
[0.091s] Level 1:colcon.colcon_core.package_discovery:discover_packages(path) discover
[0.091s] Level 1:colcon.colcon_core.package_discovery:discover_packages(path) using defaults
[0.100s] Level 1:colcon.colcon_core.package_discovery:discover_packages(prefix_path) check parameters
[0.100s] Level 1:colcon.colcon_core.package_discovery:discover_packages(prefix_path) discover
[0.100s] WARNING:colcon.colcon_core.prefix_path.colcon:The path '/home/lizhen/works/code/OpenRobot/robot_model_generator/install' in the environment variable COLCON_PREFIX_PATH doesn't exist
[0.101s] WARNING:colcon.colcon_ros.prefix_path.ament:The path '/home/lizhen/works/code/OpenRobot/robot_model_generator/install/model_generator' in the environment variable AMENT_PREFIX_PATH doesn't exist
[0.101s] DEBUG:colcon.colcon_installed_package_information.package_discovery:Found 287 installed packages in /opt/ros/jazzy
[0.102s] Level 1:colcon.colcon_core.package_discovery:discover_packages(prefix_path) using defaults
[0.121s] Level 5:colcon.colcon_core.verb:set package 'model_generator' build argument 'cmake_args' from command line to 'None'
[0.121s] Level 5:colcon.colcon_core.verb:set package 'model_generator' build argument 'cmake_target' from command line to 'None'
[0.121s] Level 5:colcon.colcon_core.verb:set package 'model_generator' build argument 'cmake_target_skip_unavailable' from command line to 'False'
[0.121s] Level 5:colcon.colcon_core.verb:set package 'model_generator' build argument 'cmake_clean_cache' from command line to 'False'
[0.121s] Level 5:colcon.colcon_core.verb:set package 'model_generator' build argument 'cmake_clean_first' from command line to 'False'
[0.121s] Level 5:colcon.colcon_core.verb:set package 'model_generator' build argument 'cmake_force_configure' from command line to 'False'
[0.121s] Level 5:colcon.colcon_core.verb:set package 'model_generator' build argument 'ament_cmake_args' from command line to 'None'
[0.121s] Level 5:colcon.colcon_core.verb:set package 'model_generator' build argument 'catkin_cmake_args' from command line to 'None'
[0.121s] Level 5:colcon.colcon_core.verb:set package 'model_generator' build argument 'catkin_skip_building_tests' from command line to 'False'
[0.121s] DEBUG:colcon.colcon_core.verb:Building package 'model_generator' with the following arguments: {'ament_cmake_args': None, 'build_base': '/home/lizhen/works/code/OpenRobot/urdf_mjcf_autogenerator/build/model_generator', 'catkin_cmake_args': None, 'catkin_skip_building_tests': False, 'cmake_args': None, 'cmake_clean_cache': False, 'cmake_clean_first': False, 'cmake_force_configure': False, 'cmake_target': None, 'cmake_target_skip_unavailable': False, 'install_base': '/home/lizhen/works/code/OpenRobot/urdf_mjcf_autogenerator/install/model_generator', 'merge_install': False, 'path': '/home/lizhen/works/code/OpenRobot/urdf_mjcf_autogenerator/src/model_generator', 'symlink_install': False, 'test_result_base': None}
[0.121s] INFO:colcon.colcon_core.executor:Executing jobs using 'parallel' executor
[0.121s] DEBUG:colcon.colcon_parallel_executor.executor.parallel:run_until_complete
[0.122s] INFO:colcon.colcon_ros.task.ament_python.build:Building ROS package in '/home/lizhen/works/code/OpenRobot/urdf_mjcf_autogenerator/src/model_generator' with build type 'ament_python'
[0.122s] Level 1:colcon.colcon_core.shell:create_environment_hook('model_generator', 'ament_prefix_path')
[0.123s] INFO:colcon.colcon_core.plugin_system:Skipping extension 'colcon_core.shell.bat': Not used on non-Windows systems
[0.123s] INFO:colcon.colcon_core.shell:Creating environment hook '/home/lizhen/works/code/OpenRobot/urdf_mjcf_autogenerator/install/model_generator/share/model_generator/hook/ament_prefix_path.ps1'
[0.123s] INFO:colcon.colcon_core.shell:Creating environment descriptor '/home/lizhen/works/code/OpenRobot/urdf_mjcf_autogenerator/install/model_generator/share/model_generator/hook/ament_prefix_path.dsv'
[0.123s] INFO:colcon.colcon_core.shell:Creating environment hook '/home/lizhen/works/code/OpenRobot/urdf_mjcf_autogenerator/install/model_generator/share/model_generator/hook/ament_prefix_path.sh'
[0.124s] INFO:colcon.colcon_core.shell:Skip shell extension 'powershell' for command environment: Not usable outside of PowerShell
[0.124s] DEBUG:colcon.colcon_core.shell:Skip shell extension 'dsv' for command environment
[0.233s] INFO:colcon.colcon_core.task.python.build:Building Python package in '/home/lizhen/works/code/OpenRobot/urdf_mjcf_autogenerator/src/model_generator'
[0.234s] INFO:colcon.colcon_core.shell:Skip shell extension 'powershell' for command environment: Not usable outside of PowerShell
[0.234s] DEBUG:colcon.colcon_core.shell:Skip shell extension 'dsv' for command environment
[0.514s] DEBUG:colcon.colcon_core.event_handler.log_command:Invoking command in '/home/lizhen/works/code/OpenRobot/urdf_mjcf_autogenerator/src/model_generator': DEBUGINFOD_URLS=https://debuginfod.ubuntu.com PYTHONPATH=/home/lizhen/works/code/OpenRobot/urdf_mjcf_autogenerator/build/model_generator/prefix_override:/usr/lib/python3/dist-packages/colcon_core/task/python/colcon_distutils_commands:/home/lizhen/works/code/OpenRobot/urdf_mjcf_autogenerator/install/model_generator/lib/python3.12/site-packages:${PYTHONPATH} /usr/bin/python3 -W ignore:setup.py install is deprecated -W ignore:easy_install command is deprecated setup.py egg_info --egg-base ../../build/model_generator build --build-base /home/lizhen/works/code/OpenRobot/urdf_mjcf_autogenerator/build/model_generator/build install --record /home/lizhen/works/code/OpenRobot/urdf_mjcf_autogenerator/build/model_generator/install.log --single-version-externally-managed install_data
[0.782s] DEBUG:colcon.colcon_core.event_handler.log_command:Invoked command in '/home/lizhen/works/code/OpenRobot/urdf_mjcf_autogenerator/src/model_generator' returned '0': DEBUGINFOD_URLS=https://debuginfod.ubuntu.com PYTHONPATH=/home/lizhen/works/code/OpenRobot/urdf_mjcf_autogenerator/build/model_generator/prefix_override:/usr/lib/python3/dist-packages/colcon_core/task/python/colcon_distutils_commands:/home/lizhen/works/code/OpenRobot/urdf_mjcf_autogenerator/install/model_generator/lib/python3.12/site-packages:${PYTHONPATH} /usr/bin/python3 -W ignore:setup.py install is deprecated -W ignore:easy_install command is deprecated setup.py egg_info --egg-base ../../build/model_generator build --build-base /home/lizhen/works/code/OpenRobot/urdf_mjcf_autogenerator/build/model_generator/build install --record /home/lizhen/works/code/OpenRobot/urdf_mjcf_autogenerator/build/model_generator/install.log --single-version-externally-managed install_data
[0.783s] Level 1:colcon.colcon_core.environment:checking '/home/lizhen/works/code/OpenRobot/urdf_mjcf_autogenerator/install/model_generator' for CMake module files
[0.783s] Level 1:colcon.colcon_core.environment:checking '/home/lizhen/works/code/OpenRobot/urdf_mjcf_autogenerator/install/model_generator' for CMake config files
[0.784s] Level 1:colcon.colcon_core.environment:checking '/home/lizhen/works/code/OpenRobot/urdf_mjcf_autogenerator/install/model_generator/lib'
[0.784s] Level 1:colcon.colcon_core.environment:checking '/home/lizhen/works/code/OpenRobot/urdf_mjcf_autogenerator/install/model_generator/bin'
[0.784s] Level 1:colcon.colcon_core.environment:checking '/home/lizhen/works/code/OpenRobot/urdf_mjcf_autogenerator/install/model_generator/lib/pkgconfig/model_generator.pc'
[0.784s] Level 1:colcon.colcon_core.environment:checking '/home/lizhen/works/code/OpenRobot/urdf_mjcf_autogenerator/install/model_generator/lib/python3.12/site-packages'
[0.784s] Level 1:colcon.colcon_core.shell:create_environment_hook('model_generator', 'pythonpath')
[0.784s] INFO:colcon.colcon_core.shell:Creating environment hook '/home/lizhen/works/code/OpenRobot/urdf_mjcf_autogenerator/install/model_generator/share/model_generator/hook/pythonpath.ps1'
[0.785s] INFO:colcon.colcon_core.shell:Creating environment descriptor '/home/lizhen/works/code/OpenRobot/urdf_mjcf_autogenerator/install/model_generator/share/model_generator/hook/pythonpath.dsv'
[0.785s] INFO:colcon.colcon_core.shell:Creating environment hook '/home/lizhen/works/code/OpenRobot/urdf_mjcf_autogenerator/install/model_generator/share/model_generator/hook/pythonpath.sh'
[0.785s] Level 1:colcon.colcon_core.environment:checking '/home/lizhen/works/code/OpenRobot/urdf_mjcf_autogenerator/install/model_generator/bin'
[0.785s] Level 1:colcon.colcon_core.environment:create_environment_scripts_only(model_generator)
[0.785s] INFO:colcon.colcon_core.shell:Creating package script '/home/lizhen/works/code/OpenRobot/urdf_mjcf_autogenerator/install/model_generator/share/model_generator/package.ps1'
[0.785s] INFO:colcon.colcon_core.shell:Creating package descriptor '/home/lizhen/works/code/OpenRobot/urdf_mjcf_autogenerator/install/model_generator/share/model_generator/package.dsv'
[0.786s] INFO:colcon.colcon_core.shell:Creating package script '/home/lizhen/works/code/OpenRobot/urdf_mjcf_autogenerator/install/model_generator/share/model_generator/package.sh'
[0.786s] INFO:colcon.colcon_core.shell:Creating package script '/home/lizhen/works/code/OpenRobot/urdf_mjcf_autogenerator/install/model_generator/share/model_generator/package.bash'
[0.786s] INFO:colcon.colcon_core.shell:Creating package script '/home/lizhen/works/code/OpenRobot/urdf_mjcf_autogenerator/install/model_generator/share/model_generator/package.zsh'
[0.787s] Level 1:colcon.colcon_core.environment:create_file_with_runtime_dependencies(/home/lizhen/works/code/OpenRobot/urdf_mjcf_autogenerator/install/model_generator/share/colcon-core/packages/model_generator)
[0.787s] DEBUG:colcon.colcon_parallel_executor.executor.parallel:closing loop
[0.787s] DEBUG:colcon.colcon_parallel_executor.executor.parallel:loop closed
[0.787s] DEBUG:colcon.colcon_parallel_executor.executor.parallel:run_until_complete finished with '0'
[0.787s] DEBUG:colcon.colcon_core.event_reactor:joining thread
[0.790s] INFO:colcon.colcon_core.plugin_system:Skipping extension 'colcon_notification.desktop_notification.terminal_notifier': Not used on non-Darwin systems
[0.790s] INFO:colcon.colcon_core.plugin_system:Skipping extension 'colcon_notification.desktop_notification.win32': Not used on non-Windows systems
[0.790s] INFO:colcon.colcon_notification.desktop_notification:Sending desktop notification using 'notify2'
[0.803s] DEBUG:colcon.colcon_core.event_reactor:joined thread
[0.803s] INFO:colcon.colcon_core.shell:Creating prefix script '/home/lizhen/works/code/OpenRobot/urdf_mjcf_autogenerator/install/local_setup.ps1'
[0.803s] INFO:colcon.colcon_core.shell:Creating prefix util module '/home/lizhen/works/code/OpenRobot/urdf_mjcf_autogenerator/install/_local_setup_util_ps1.py'
[0.804s] INFO:colcon.colcon_core.shell:Creating prefix chain script '/home/lizhen/works/code/OpenRobot/urdf_mjcf_autogenerator/install/setup.ps1'
[0.804s] INFO:colcon.colcon_core.shell:Creating prefix script '/home/lizhen/works/code/OpenRobot/urdf_mjcf_autogenerator/install/local_setup.sh'
[0.804s] INFO:colcon.colcon_core.shell:Creating prefix util module '/home/lizhen/works/code/OpenRobot/urdf_mjcf_autogenerator/install/_local_setup_util_sh.py'
[0.804s] INFO:colcon.colcon_core.shell:Creating prefix chain script '/home/lizhen/works/code/OpenRobot/urdf_mjcf_autogenerator/install/setup.sh'
[0.805s] INFO:colcon.colcon_core.shell:Creating prefix script '/home/lizhen/works/code/OpenRobot/urdf_mjcf_autogenerator/install/local_setup.bash'
[0.805s] INFO:colcon.colcon_core.shell:Creating prefix chain script '/home/lizhen/works/code/OpenRobot/urdf_mjcf_autogenerator/install/setup.bash'
[0.805s] INFO:colcon.colcon_core.shell:Creating prefix script '/home/lizhen/works/code/OpenRobot/urdf_mjcf_autogenerator/install/local_setup.zsh'
[0.805s] INFO:colcon.colcon_core.shell:Creating prefix chain script '/home/lizhen/works/code/OpenRobot/urdf_mjcf_autogenerator/install/setup.zsh'
