running egg_info
creating ../../build/model_generator/model_generator.egg-info
writing ../../build/model_generator/model_generator.egg-info/PKG-INFO
writing dependency_links to ../../build/model_generator/model_generator.egg-info/dependency_links.txt
writing entry points to ../../build/model_generator/model_generator.egg-info/entry_points.txt
writing requirements to ../../build/model_generator/model_generator.egg-info/requires.txt
writing top-level names to ../../build/model_generator/model_generator.egg-info/top_level.txt
writing manifest file '../../build/model_generator/model_generator.egg-info/SOURCES.txt'
reading manifest file '../../build/model_generator/model_generator.egg-info/SOURCES.txt'
adding license file 'LICENSE'
writing manifest file '../../build/model_generator/model_generator.egg-info/SOURCES.txt'
running build
running build_py
creating /home/lizhen/works/code/OpenRobot/urdf_mjcf_autogenerator/build/model_generator/build
creating /home/lizhen/works/code/OpenRobot/urdf_mjcf_autogenerator/build/model_generator/build/lib
creating /home/lizhen/works/code/OpenRobot/urdf_mjcf_autogenerator/build/model_generator/build/lib/model_generator
copying model_generator/model_generator.py -> /home/lizhen/works/code/OpenRobot/urdf_mjcf_autogenerator/build/model_generator/build/lib/model_generator
copying model_generator/__init__.py -> /home/lizhen/works/code/OpenRobot/urdf_mjcf_autogenerator/build/model_generator/build/lib/model_generator
running install
running install_lib
creating /home/lizhen/works/code/OpenRobot/urdf_mjcf_autogenerator/install/model_generator/lib/python3.12/site-packages/model_generator
copying /home/lizhen/works/code/OpenRobot/urdf_mjcf_autogenerator/build/model_generator/build/lib/model_generator/model_generator.py -> /home/lizhen/works/code/OpenRobot/urdf_mjcf_autogenerator/install/model_generator/lib/python3.12/site-packages/model_generator
copying /home/lizhen/works/code/OpenRobot/urdf_mjcf_autogenerator/build/model_generator/build/lib/model_generator/__init__.py -> /home/lizhen/works/code/OpenRobot/urdf_mjcf_autogenerator/install/model_generator/lib/python3.12/site-packages/model_generator
byte-compiling /home/lizhen/works/code/OpenRobot/urdf_mjcf_autogenerator/install/model_generator/lib/python3.12/site-packages/model_generator/model_generator.py to model_generator.cpython-312.pyc
byte-compiling /home/lizhen/works/code/OpenRobot/urdf_mjcf_autogenerator/install/model_generator/lib/python3.12/site-packages/model_generator/__init__.py to __init__.cpython-312.pyc
running install_data
creating /home/lizhen/works/code/OpenRobot/urdf_mjcf_autogenerator/install/model_generator/share/ament_index
creating /home/lizhen/works/code/OpenRobot/urdf_mjcf_autogenerator/install/model_generator/share/ament_index/resource_index
creating /home/lizhen/works/code/OpenRobot/urdf_mjcf_autogenerator/install/model_generator/share/ament_index/resource_index/packages
copying resource/model_generator -> /home/lizhen/works/code/OpenRobot/urdf_mjcf_autogenerator/install/model_generator/share/ament_index/resource_index/packages
copying package.xml -> /home/lizhen/works/code/OpenRobot/urdf_mjcf_autogenerator/install/model_generator/share/model_generator
creating /home/lizhen/works/code/OpenRobot/urdf_mjcf_autogenerator/install/model_generator/share/model_generator/launch
copying launch/model_generator.launch.py -> /home/lizhen/works/code/OpenRobot/urdf_mjcf_autogenerator/install/model_generator/share/model_generator/launch
creating /home/lizhen/works/code/OpenRobot/urdf_mjcf_autogenerator/install/model_generator/share/model_generator/templates
creating /home/lizhen/works/code/OpenRobot/urdf_mjcf_autogenerator/install/model_generator/share/model_generator/templates/urdf
copying templates/urdf/urdf.template -> /home/lizhen/works/code/OpenRobot/urdf_mjcf_autogenerator/install/model_generator/share/model_generator/templates/urdf
copying templates/urdf/collision.template -> /home/lizhen/works/code/OpenRobot/urdf_mjcf_autogenerator/install/model_generator/share/model_generator/templates/urdf
copying templates/urdf/site.template -> /home/lizhen/works/code/OpenRobot/urdf_mjcf_autogenerator/install/model_generator/share/model_generator/templates/urdf
copying templates/urdf/joint.template -> /home/lizhen/works/code/OpenRobot/urdf_mjcf_autogenerator/install/model_generator/share/model_generator/templates/urdf
copying templates/urdf/link.template -> /home/lizhen/works/code/OpenRobot/urdf_mjcf_autogenerator/install/model_generator/share/model_generator/templates/urdf
creating /home/lizhen/works/code/OpenRobot/urdf_mjcf_autogenerator/install/model_generator/share/model_generator/templates/xml
copying templates/xml/asset.template -> /home/lizhen/works/code/OpenRobot/urdf_mjcf_autogenerator/install/model_generator/share/model_generator/templates/xml
copying templates/xml/site_geom.template -> /home/lizhen/works/code/OpenRobot/urdf_mjcf_autogenerator/install/model_generator/share/model_generator/templates/xml
copying templates/xml/actuator.template -> /home/lizhen/works/code/OpenRobot/urdf_mjcf_autogenerator/install/model_generator/share/model_generator/templates/xml
copying templates/xml/sensor.template -> /home/lizhen/works/code/OpenRobot/urdf_mjcf_autogenerator/install/model_generator/share/model_generator/templates/xml
copying templates/xml/joint.template -> /home/lizhen/works/code/OpenRobot/urdf_mjcf_autogenerator/install/model_generator/share/model_generator/templates/xml
copying templates/xml/body.template -> /home/lizhen/works/code/OpenRobot/urdf_mjcf_autogenerator/install/model_generator/share/model_generator/templates/xml
copying templates/xml/visual_geom.template -> /home/lizhen/works/code/OpenRobot/urdf_mjcf_autogenerator/install/model_generator/share/model_generator/templates/xml
copying templates/xml/collision_geom.template -> /home/lizhen/works/code/OpenRobot/urdf_mjcf_autogenerator/install/model_generator/share/model_generator/templates/xml
copying templates/xml/xml.template -> /home/lizhen/works/code/OpenRobot/urdf_mjcf_autogenerator/install/model_generator/share/model_generator/templates/xml
creating /home/lizhen/works/code/OpenRobot/urdf_mjcf_autogenerator/install/model_generator/share/model_generator/rviz
copying rviz/default.rviz -> /home/lizhen/works/code/OpenRobot/urdf_mjcf_autogenerator/install/model_generator/share/model_generator/rviz
running install_egg_info
Copying ../../build/model_generator/model_generator.egg-info to /home/lizhen/works/code/OpenRobot/urdf_mjcf_autogenerator/install/model_generator/lib/python3.12/site-packages/model_generator-0.0.0-py3.12.egg-info
running install_scripts
Installing model_generator script to /home/lizhen/works/code/OpenRobot/urdf_mjcf_autogenerator/install/model_generator/lib/model_generator
writing list of installed files to '/home/lizhen/works/code/OpenRobot/urdf_mjcf_autogenerator/build/model_generator/install.log'
